# JRE version: OpenJDK Runtime Environment (8.0_242-b01) (build 1.8.0_242-release-1644-b01)
# Java VM: OpenJDK 64-Bit Server VM (25.242-b01 mixed mode windows-amd64 compressed oops)
Heap:
 PSYoungGen      total 82432K, used 61287K [0x00000000d5b80000, 0x00000000dc080000, 0x0000000100000000)
  eden space 66560K, 68% used [0x00000000d5b80000,0x00000000d87e1c78,0x00000000d9c80000)
  from space 15872K, 99% used [0x00000000db100000,0x00000000dc0781f8,0x00000000dc080000)
  to   space 5120K, 0% used [0x00000000d9c80000,0x00000000d9c80000,0x00000000da180000)
 ParOldGen       total 65024K, used 23561K [0x0000000081200000, 0x0000000085180000, 0x00000000d5b80000)
  object space 65024K, 36% used [0x0000000081200000,0x0000000082902480,0x0000000085180000)
 Metaspace       used 50288K, capacity 51074K, committed 51632K, reserved 1097728K
  class space    used 6087K, capacity 6268K, committed 6320K, reserved 1048576K
GC Heap History (10 events):
Event: 5.088 GC heap before
{Heap before GC invocations=6 (full 1):
 PSYoungGen      total 54784K, used 54761K [0x00000000d5b80000, 0x00000000da680000, 0x0000000100000000)
  eden space 49664K, 100% used [0x00000000d5b80000,0x00000000d8c00000,0x00000000d8c00000)
  from space 5120K, 99% used [0x00000000da180000,0x00000000da67a4c0,0x00000000da680000)
  to   space 5120K, 0% used [0x00000000d9c80000,0x00000000d9c80000,0x00000000da180000)
 ParOldGen       total 65024K, used 11612K [0x0000000081200000, 0x0000000085180000, 0x00000000d5b80000)
  object space 65024K, 17% used [0x0000000081200000,0x0000000081d57338,0x0000000085180000)
 Metaspace       used 33995K, capacity 34477K, committed 34736K, reserved 1079296K
  class space    used 4381K, capacity 4510K, committed 4528K, reserved 1048576K
Event: 5.106 GC heap after
Heap after GC invocations=6 (full 1):
 PSYoungGen      total 54784K, used 5100K [0x00000000d5b80000, 0x00000000da680000, 0x0000000100000000)
  eden space 49664K, 0% used [0x00000000d5b80000,0x00000000d5b80000,0x00000000d8c00000)
  from space 5120K, 99% used [0x00000000d9c80000,0x00000000da17b130,0x00000000da180000)
  to   space 5120K, 0% used [0x00000000da180000,0x00000000da180000,0x00000000da680000)
 ParOldGen       total 65024K, used 24160K [0x0000000081200000, 0x0000000085180000, 0x00000000d5b80000)
  object space 65024K, 37% used [0x0000000081200000,0x0000000082998388,0x0000000085180000)
 Metaspace       used 33995K, capacity 34477K, committed 34736K, reserved 1079296K
  class space    used 4381K, capacity 4510K, committed 4528K, reserved 1048576K
}
Event: 5.214 GC heap before
{Heap before GC invocations=7 (full 1):
 PSYoungGen      total 54784K, used 9089K [0x00000000d5b80000, 0x00000000da680000, 0x0000000100000000)
  eden space 49664K, 8% used [0x00000000d5b80000,0x00000000d5f652f0,0x00000000d8c00000)
  from space 5120K, 99% used [0x00000000d9c80000,0x00000000da17b130,0x00000000da180000)
  to   space 5120K, 0% used [0x00000000da180000,0x00000000da180000,0x00000000da680000)
 ParOldGen       total 65024K, used 24160K [0x0000000081200000, 0x0000000085180000, 0x00000000d5b80000)
  object space 65024K, 37% used [0x0000000081200000,0x0000000082998388,0x0000000085180000)
 Metaspace       used 34788K, capacity 35285K, committed 35496K, reserved 1081344K
  class space    used 4472K, capacity 4620K, committed 4656K, reserved 1048576K
Event: 5.221 GC heap after
Heap after GC invocations=7 (full 1):
 PSYoungGen      total 54784K, used 5119K [0x00000000d5b80000, 0x00000000da680000, 0x0000000100000000)
  eden space 49664K, 0% used [0x00000000d5b80000,0x00000000d5b80000,0x00000000d8c00000)
  from space 5120K, 99% used [0x00000000da180000,0x00000000da67fe60,0x00000000da680000)
  to   space 5120K, 0% used [0x00000000d9c80000,0x00000000d9c80000,0x00000000da180000)
 ParOldGen       total 65024K, used 25079K [0x0000000081200000, 0x0000000085180000, 0x00000000d5b80000)
  object space 65024K, 38% used [0x0000000081200000,0x0000000082a7df18,0x0000000085180000)
 Metaspace       used 34788K, capacity 35285K, committed 35496K, reserved 1081344K
  class space    used 4472K, capacity 4620K, committed 4656K, reserved 1048576K
}
Event: 5.221 GC heap before
{Heap before GC invocations=8 (full 2):
 PSYoungGen      total 54784K, used 5119K [0x00000000d5b80000, 0x00000000da680000, 0x0000000100000000)
  eden space 49664K, 0% used [0x00000000d5b80000,0x00000000d5b80000,0x00000000d8c00000)
  from space 5120K, 99% used [0x00000000da180000,0x00000000da67fe60,0x00000000da680000)
  to   space 5120K, 0% used [0x00000000d9c80000,0x00000000d9c80000,0x00000000da180000)
 ParOldGen       total 65024K, used 25079K [0x0000000081200000, 0x0000000085180000, 0x00000000d5b80000)
  object space 65024K, 38% used [0x0000000081200000,0x0000000082a7df18,0x0000000085180000)
 Metaspace       used 34788K, capacity 35285K, committed 35496K, reserved 1081344K
  class space    used 4472K, capacity 4620K, committed 4656K, reserved 1048576K
Event: 5.306 GC heap after
Heap after GC invocations=8 (full 2):
 PSYoungGen      total 54784K, used 0K [0x00000000d5b80000, 0x00000000da680000, 0x0000000100000000)
  eden space 49664K, 0% used [0x00000000d5b80000,0x00000000d5b80000,0x00000000d8c00000)
  from space 5120K, 0% used [0x00000000da180000,0x00000000da180000,0x00000000da680000)
  to   space 5120K, 0% used [0x00000000d9c80000,0x00000000d9c80000,0x00000000da180000)
 ParOldGen       total 65024K, used 14942K [0x0000000081200000, 0x0000000085180000, 0x00000000d5b80000)
  object space 65024K, 22% used [0x0000000081200000,0x0000000082097888,0x0000000085180000)
 Metaspace       used 34788K, capacity 35285K, committed 35496K, reserved 1081344K
  class space    used 4472K, capacity 4620K, committed 4656K, reserved 1048576K
}
Event: 6.344 GC heap before
{Heap before GC invocations=9 (full 2):
 PSYoungGen      total 54784K, used 49664K [0x00000000d5b80000, 0x00000000da680000, 0x0000000100000000)
  eden space 49664K, 100% used [0x00000000d5b80000,0x00000000d8c00000,0x00000000d8c00000)
  from space 5120K, 0% used [0x00000000da180000,0x00000000da180000,0x00000000da680000)
  to   space 5120K, 0% used [0x00000000d9c80000,0x00000000d9c80000,0x00000000da180000)
 ParOldGen       total 65024K, used 14942K [0x0000000081200000, 0x0000000085180000, 0x00000000d5b80000)
  object space 65024K, 22% used [0x0000000081200000,0x0000000082097888,0x0000000085180000)
 Metaspace       used 38629K, capacity 39160K, committed 39472K, reserved 1083392K
  class space    used 4912K, capacity 5055K, committed 5168K, reserved 1048576K
Event: 6.354 GC heap after
Heap after GC invocations=9 (full 2):
 PSYoungGen      total 71680K, used 5096K [0x00000000d5b80000, 0x00000000dc080000, 0x0000000100000000)
  eden space 66560K, 0% used [0x00000000d5b80000,0x00000000d5b80000,0x00000000d9c80000)
  from space 5120K, 99% used [0x00000000d9c80000,0x00000000da17a338,0x00000000da180000)
  to   space 15872K, 0% used [0x00000000db100000,0x00000000db100000,0x00000000dc080000)
 ParOldGen       total 65024K, used 19647K [0x0000000081200000, 0x0000000085180000, 0x00000000d5b80000)
  object space 65024K, 30% used [0x0000000081200000,0x000000008252fed0,0x0000000085180000)
 Metaspace       used 38629K, capacity 39160K, committed 39472K, reserved 1083392K
  class space    used 4912K, capacity 5055K, committed 5168K, reserved 1048576K
}
Event: 8.016 GC heap before
{Heap before GC invocations=10 (full 2):
 PSYoungGen      total 71680K, used 71656K [0x00000000d5b80000, 0x00000000dc080000, 0x0000000100000000)
  eden space 66560K, 100% used [0x00000000d5b80000,0x00000000d9c80000,0x00000000d9c80000)
  from space 5120K, 99% used [0x00000000d9c80000,0x00000000da17a338,0x00000000da180000)
  to   space 15872K, 0% used [0x00000000db100000,0x00000000db100000,0x00000000dc080000)
 ParOldGen       total 65024K, used 19647K [0x0000000081200000, 0x0000000085180000, 0x00000000d5b80000)
  object space 65024K, 30% used [0x0000000081200000,0x000000008252fed0,0x0000000085180000)
 Metaspace       used 43193K, capacity 43848K, committed 44208K, reserved 1087488K
  class space    used 5349K, capacity 5535K, committed 5552K, reserved 1048576K
Event: 8.052 GC heap after
Heap after GC invocations=10 (full 2):
 PSYoungGen      total 82432K, used 15840K [0x00000000d5b80000, 0x00000000dc080000, 0x0000000100000000)
  eden space 66560K, 0% used [0x00000000d5b80000,0x00000000d5b80000,0x00000000d9c80000)
  from space 15872K, 99% used [0x00000000db100000,0x00000000dc0781f8,0x00000000dc080000)
  to   space 5120K, 0% used [0x00000000d9c80000,0x00000000d9c80000,0x00000000da180000)
 ParOldGen       total 65024K, used 23561K [0x0000000081200000, 0x0000000085180000, 0x00000000d5b80000)
  object space 65024K, 36% used [0x0000000081200000,0x0000000082902480,0x0000000085180000)
 Metaspace       used 43193K, capacity 43848K, committed 44208K, reserved 1087488K
  class space    used 5349K, capacity 5535K, committed 5552K, reserved 1048576K
}

